15:16:55.934 karate.env system property was: null 
15:16:56.279 request:
1 > POST https://api.fitchconnect-qa.com/v1/oauth/token
1 > Accept-Encoding: gzip,deflate
1 > Connection: Keep-Alive
1 > Content-Length: 86
1 > Content-Type: application/x-www-form-urlencoded; charset=UTF-8
1 > Host: api.fitchconnect-qa.com
1 > User-Agent: Apache-HttpClient/4.5.5 (Java/1.8.0_181)
grant_type=password&password=Connect1&username=miah.ashrafuzzaman%40fitchsolutions.com

15:16:56.748 response time in milliseconds: 466.96
1 < 200
1 < Cache-Control: no-store
1 < Connection: keep-alive
1 < Content-Type: application/json;charset=utf-8
1 < Date: Mon, 22 Jul 2019 19:16:56 GMT
1 < Pragma: no-cache
1 < Server: nginx/1.15.10
1 < Strict-Transport-Security: max-age=31536000 ; includeSubDomains
1 < Transfer-Encoding: chunked
1 < Vary: Accept-Encoding
1 < X-Content-Type-Options: nosniff
1 < X-Frame-Options: DENY
1 < X-XSS-Protection: 1; mode=block
{"access_token":"eyJhbGciOiJIUzI1NiIsInR5cCI6IkpXVCJ9.eyJzdWIiOiJodHRwOi8vaWRlbnRpdHktZGF0YS1zZXJ2aWNlOjgwODAvdjIvdXNlcnMvNWJhM2Q0ZmFlOTBjOWYwMDAxNzMzODYyIiwic2NvcGUiOlsidHJ1c3QiXSwiaXNzIjoiaHR0cHM6Ly9sb2dpbi5maXRjaGNvbm5lY3QtcWEuY29tIiwiZXhwIjoxNTYzODI2NjE2LCJpYXQiOjE1NjM4MjMwMTYsImF1dGhvcml0aWVzIjpbIlJPTEVfVVNFUiJdLCJqdGkiOiI2NTIxYThhMy0wMTdlLTQ0MmEtYTA3Yi1mODlhZDNlOGI5NWMiLCJjbGllbnRfaWQiOiJscXI3bzE0NWhmZ2FyNTNsa242b3FlOGRmYSJ9.NAhOV30ctVjzc1XEeCXh2SkXNFh7XBk9NPuiVxIuUXI","token_type":"bearer","refresh_token":"eyJhbGciOiJIUzI1NiIsInR5cCI6IkpXVCJ9.eyJzdWIiOiJodHRwOi8vaWRlbnRpdHktZGF0YS1zZXJ2aWNlOjgwODAvdjIvdXNlcnMvNWJhM2Q0ZmFlOTBjOWYwMDAxNzMzODYyIiwic2NvcGUiOlsidHJ1c3QiXSwiYXRpIjoiNjUyMWE4YTMtMDE3ZS00NDJhLWEwN2ItZjg5YWQzZThiOTVjIiwiaXNzIjoiaHR0cHM6Ly9sb2dpbi5maXRjaGNvbm5lY3QtcWEuY29tIiwiZXhwIjoxNTY5MDA3MDE2LCJpYXQiOjE1NjM4MjMwMTYsImF1dGhvcml0aWVzIjpbIlJPTEVfVVNFUiJdLCJqdGkiOiJlM2FjNDI5ZC1jZWFmLTQ5OTEtYjhjNS1iMjg0YzM5MTE0MzYiLCJjbGllbnRfaWQiOiJscXI3bzE0NWhmZ2FyNTNsa242b3FlOGRmYSJ9.NTTXPWrzqLucDPDA5omZXBsB61aWfyJOj6vz6yNz0q8","expires_in":3600,"scope":"trust","sub":"http://identity-data-service:8080/v2/users/5ba3d4fae90c9f0001733862","iss":"https://login.fitchconnect-qa.com","iat":1563823016,"jti":"6521a8a3-017e-442a-a07b-f89ad3e8b95c"}

15:16:56.761 [print] Login token created: eyJhbGciOiJIUzI1NiIsInR5cCI6IkpXVCJ9.eyJzdWIiOiJodHRwOi8vaWRlbnRpdHktZGF0YS1zZXJ2aWNlOjgwODAvdjIvdXNlcnMvNWJhM2Q0ZmFlOTBjOWYwMDAxNzMzODYyIiwic2NvcGUiOlsidHJ1c3QiXSwiYXRpIjoiNjUyMWE4YTMtMDE3ZS00NDJhLWEwN2ItZjg5YWQzZThiOTVjIiwiaXNzIjoiaHR0cHM6Ly9sb2dpbi5maXRjaGNvbm5lY3QtcWEuY29tIiwiZXhwIjoxNTY5MDA3MDE2LCJpYXQiOjE1NjM4MjMwMTYsImF1dGhvcml0aWVzIjpbIlJPTEVfVVNFUiJdLCJqdGkiOiJlM2FjNDI5ZC1jZWFmLTQ5OTEtYjhjNS1iMjg0YzM5MTE0MzYiLCJjbGllbnRfaWQiOiJscXI3bzE0NWhmZ2FyNTNsa242b3FlOGRmYSJ9.NTTXPWrzqLucDPDA5omZXBsB61aWfyJOj6vz6yNz0q8
15:16:56.775 request:
2 > GET https://auth.fitchconnect-qa.com/v2/users/5ba3d4fae90c9f0001733862
2 > Accept-Encoding: gzip,deflate
2 > Authorization: Bearer eyJhbGciOiJIUzI1NiIsInR5cCI6IkpXVCJ9.eyJzdWIiOiJodHRwOi8vaWRlbnRpdHktZGF0YS1zZXJ2aWNlOjgwODAvdjIvdXNlcnMvNWJhM2Q0ZmFlOTBjOWYwMDAxNzMzODYyIiwic2NvcGUiOlsidHJ1c3QiXSwiYXRpIjoiNjUyMWE4YTMtMDE3ZS00NDJhLWEwN2ItZjg5YWQzZThiOTVjIiwiaXNzIjoiaHR0cHM6Ly9sb2dpbi5maXRjaGNvbm5lY3QtcWEuY29tIiwiZXhwIjoxNTY5MDA3MDE2LCJpYXQiOjE1NjM4MjMwMTYsImF1dGhvcml0aWVzIjpbIlJPTEVfVVNFUiJdLCJqdGkiOiJlM2FjNDI5ZC1jZWFmLTQ5OTEtYjhjNS1iMjg0YzM5MTE0MzYiLCJjbGllbnRfaWQiOiJscXI3bzE0NWhmZ2FyNTNsa242b3FlOGRmYSJ9.NTTXPWrzqLucDPDA5omZXBsB61aWfyJOj6vz6yNz0q8
2 > Connection: Keep-Alive
2 > Content-Type: application/vnd.api+json
2 > Host: auth.fitchconnect-qa.com
2 > User-Agent: Apache-HttpClient/4.5.5 (Java/1.8.0_181)
2 > X-App-Client-Id: 99d151e0-7066-4268-b0dc-076d1ef72815

15:16:56.849 response time in milliseconds: 73.13
2 < 200
2 < Cache-Control: no-cache, no-store, max-age=0, must-revalidate
2 < Connection: keep-alive
2 < Content-Type: application/json;charset=UTF-8
2 < Date: Mon, 22 Jul 2019 19:16:56 GMT
2 < Expires: 0
2 < Pragma: no-cache
2 < Server: nginx/1.15.10
2 < Transfer-Encoding: chunked
2 < Vary: Accept-Encoding
2 < X-Content-Type-Options: nosniff
2 < X-Frame-Options: DENY
2 < X-XSS-Protection: 1; mode=block
{"data":{"id":"5ba3d4fae90c9f0001733862","type":"users","attributes":{"lastName":"Miah","webUserId":927535203,"persona":"Macro-intelligence","proxyLoginExpiration":1560429295790,"fullName":null,"customData":{"country":"United States of America","phoneNumber":"2129085555","city":"New York","streetAddress":"300 West 57th St","web_usr_id":927535203,"jobTitle":"","postCode":"10019","secondaryPhoneNumber":"6465823544","state":"NY","department":""},"lastLoginDate":1563823016739,"termsOfUseMostRecentAcceptedVersion":2,"firstName":"Ashrafuzzaman","usePlainTextEmails":false,"password":null,"external":{},"externalSamlId":null,"termsOfUseMostRecentAcceptedDate":1553776407392,"middleName":null,"email":"miah.ashrafuzzaman@fitchsolutions.com","username":"Mia","status":"ENABLED","salesRegion":"AMERS"},"relationships":{"organization":{"links":{"related":"https://auth.fitchconnect-qa.com/v2/users/5ba3d4fae90c9f0001733862/organization","self":"https://auth.fitchconnect-qa.com/v2/users/5ba3d4fae90c9f0001733862/relationships/organization"},"data":{"id":"4nrYkI7VCzAniLey5sRRop","type":"organizations"}},"groups":{"links":{"related":"https://auth.fitchconnect-qa.com/v2/users/5ba3d4fae90c9f0001733862/groups","self":"https://auth.fitchconnect-qa.com/v2/users/5ba3d4fae90c9f0001733862/relationships/groups"}},"effectivePackages":{"links":{"related":"https://auth.fitchconnect-qa.com/v2/users/5ba3d4fae90c9f0001733862/effectivePackages","self":"https://auth.fitchconnect-qa.com/v2/users/5ba3d4fae90c9f0001733862/relationships/effectivePackages"}}},"meta":{"updatedOn":1563823016.760000000,"createdOn":1537463546.000000000},"links":{"self":"https://auth.fitchconnect-qa.com/v2/users/5ba3d4fae90c9f0001733862"}},"included":[]}

