12:14:07.471 karate.env system property was: null 
12:14:07.999 request:
1 > POST https://api.fitchconnect-qa.com/v1/oauth/token
1 > Accept-Encoding: gzip,deflate
1 > Connection: Keep-Alive
1 > Content-Length: 86
1 > Content-Type: application/x-www-form-urlencoded; charset=UTF-8
1 > Host: api.fitchconnect-qa.com
1 > User-Agent: Apache-HttpClient/4.5.5 (Java/1.8.0_181)
grant_type=password&password=Connect1&username=miah.ashrafuzzaman%40fitchsolutions.com

12:14:08.580 response time in milliseconds: 577.90
1 < 200
1 < Cache-Control: no-store
1 < Connection: keep-alive
1 < Content-Type: application/json;charset=utf-8
1 < Date: Wed, 31 Jul 2019 16:14:08 GMT
1 < Pragma: no-cache
1 < Server: nginx/1.15.10
1 < Strict-Transport-Security: max-age=31536000 ; includeSubDomains
1 < Transfer-Encoding: chunked
1 < Vary: Accept-Encoding
1 < X-Content-Type-Options: nosniff
1 < X-Frame-Options: DENY
1 < X-XSS-Protection: 1; mode=block
{"access_token":"eyJhbGciOiJIUzI1NiIsInR5cCI6IkpXVCJ9.eyJzdWIiOiJodHRwOi8vaWRlbnRpdHktZGF0YS1zZXJ2aWNlOjgwODAvdjIvdXNlcnMvNWJhM2Q0ZmFlOTBjOWYwMDAxNzMzODYyIiwic2NvcGUiOlsidHJ1c3QiXSwiaXNzIjoiaHR0cHM6Ly9sb2dpbi5maXRjaGNvbm5lY3QtcWEuY29tIiwiZXhwIjoxNTY0NTkzMjQ4LCJpYXQiOjE1NjQ1ODk2NDgsImF1dGhvcml0aWVzIjpbIlJPTEVfVVNFUiJdLCJqdGkiOiIyNTgwZTdmNS00NjVlLTQxMzAtOWY5NC0wMTEwZDdkODhjMWEiLCJjbGllbnRfaWQiOiJscXI3bzE0NWhmZ2FyNTNsa242b3FlOGRmYSJ9.YtG_Y21gKDplZgvNg9TeB9UPYQi_3FSPs7uzayoAmjg","token_type":"bearer","refresh_token":"eyJhbGciOiJIUzI1NiIsInR5cCI6IkpXVCJ9.eyJzdWIiOiJodHRwOi8vaWRlbnRpdHktZGF0YS1zZXJ2aWNlOjgwODAvdjIvdXNlcnMvNWJhM2Q0ZmFlOTBjOWYwMDAxNzMzODYyIiwic2NvcGUiOlsidHJ1c3QiXSwiYXRpIjoiMjU4MGU3ZjUtNDY1ZS00MTMwLTlmOTQtMDExMGQ3ZDg4YzFhIiwiaXNzIjoiaHR0cHM6Ly9sb2dpbi5maXRjaGNvbm5lY3QtcWEuY29tIiwiZXhwIjoxNTY5NzczNjQ4LCJpYXQiOjE1NjQ1ODk2NDgsImF1dGhvcml0aWVzIjpbIlJPTEVfVVNFUiJdLCJqdGkiOiIzMDdiY2JiZi00MDI1LTQ1OTMtODg4MC0wZTFjNmNjMDk3OTAiLCJjbGllbnRfaWQiOiJscXI3bzE0NWhmZ2FyNTNsa242b3FlOGRmYSJ9._3sefPJ_kJ21Dxck9fIjnWngSdJ2jidqFPoVyudEkxw","expires_in":3599,"scope":"trust","sub":"http://identity-data-service:8080/v2/users/5ba3d4fae90c9f0001733862","iss":"https://login.fitchconnect-qa.com","iat":1564589648,"jti":"2580e7f5-465e-4130-9f94-0110d7d88c1a"}

12:14:08.595 [print] Login token created: eyJhbGciOiJIUzI1NiIsInR5cCI6IkpXVCJ9.eyJzdWIiOiJodHRwOi8vaWRlbnRpdHktZGF0YS1zZXJ2aWNlOjgwODAvdjIvdXNlcnMvNWJhM2Q0ZmFlOTBjOWYwMDAxNzMzODYyIiwic2NvcGUiOlsidHJ1c3QiXSwiYXRpIjoiMjU4MGU3ZjUtNDY1ZS00MTMwLTlmOTQtMDExMGQ3ZDg4YzFhIiwiaXNzIjoiaHR0cHM6Ly9sb2dpbi5maXRjaGNvbm5lY3QtcWEuY29tIiwiZXhwIjoxNTY5NzczNjQ4LCJpYXQiOjE1NjQ1ODk2NDgsImF1dGhvcml0aWVzIjpbIlJPTEVfVVNFUiJdLCJqdGkiOiIzMDdiY2JiZi00MDI1LTQ1OTMtODg4MC0wZTFjNmNjMDk3OTAiLCJjbGllbnRfaWQiOiJscXI3bzE0NWhmZ2FyNTNsa242b3FlOGRmYSJ9._3sefPJ_kJ21Dxck9fIjnWngSdJ2jidqFPoVyudEkxw
12:14:08.614 request:
2 > GET https://auth.fitchconnect-qa.com/v2/users/5ba3d4fae90c9f0001733862
2 > Accept-Encoding: gzip,deflate
2 > Authorization: Bearer eyJhbGciOiJIUzI1NiIsInR5cCI6IkpXVCJ9.eyJzdWIiOiJodHRwOi8vaWRlbnRpdHktZGF0YS1zZXJ2aWNlOjgwODAvdjIvdXNlcnMvNWJhM2Q0ZmFlOTBjOWYwMDAxNzMzODYyIiwic2NvcGUiOlsidHJ1c3QiXSwiYXRpIjoiMjU4MGU3ZjUtNDY1ZS00MTMwLTlmOTQtMDExMGQ3ZDg4YzFhIiwiaXNzIjoiaHR0cHM6Ly9sb2dpbi5maXRjaGNvbm5lY3QtcWEuY29tIiwiZXhwIjoxNTY5NzczNjQ4LCJpYXQiOjE1NjQ1ODk2NDgsImF1dGhvcml0aWVzIjpbIlJPTEVfVVNFUiJdLCJqdGkiOiIzMDdiY2JiZi00MDI1LTQ1OTMtODg4MC0wZTFjNmNjMDk3OTAiLCJjbGllbnRfaWQiOiJscXI3bzE0NWhmZ2FyNTNsa242b3FlOGRmYSJ9._3sefPJ_kJ21Dxck9fIjnWngSdJ2jidqFPoVyudEkxw
2 > Connection: Keep-Alive
2 > Content-Type: application/vnd.api+json
2 > Host: auth.fitchconnect-qa.com
2 > User-Agent: Apache-HttpClient/4.5.5 (Java/1.8.0_181)
2 > X-App-Client-Id: 99d151e0-7066-4268-b0dc-076d1ef72815

12:14:08.686 response time in milliseconds: 69.26
2 < 200
2 < Cache-Control: no-cache, no-store, max-age=0, must-revalidate
2 < Connection: keep-alive
2 < Content-Type: application/json;charset=UTF-8
2 < Date: Wed, 31 Jul 2019 16:14:08 GMT
2 < Expires: 0
2 < Pragma: no-cache
2 < Server: nginx/1.15.10
2 < Transfer-Encoding: chunked
2 < Vary: Accept-Encoding
2 < X-Content-Type-Options: nosniff
2 < X-Frame-Options: DENY
2 < X-XSS-Protection: 1; mode=block
{"data":{"id":"5ba3d4fae90c9f0001733862","type":"users","attributes":{"lastName":"Miah","webUserId":927535203,"persona":"Macro-intelligence","proxyLoginExpiration":1560429295790,"fullName":null,"customData":{"country":"United States of America","phoneNumber":"2129085555","city":"New York","streetAddress":"300 West 57th St","web_usr_id":927535203,"jobTitle":"","postCode":"10019","secondaryPhoneNumber":"6465823544","state":"NY","department":""},"lastLoginDate":1564589648567,"termsOfUseMostRecentAcceptedVersion":2,"firstName":"Ashrafuzzaman","usePlainTextEmails":false,"password":"$2a$10$yM3teaUW9qzC0Y7g3txQs.iHGNTHFczxo5UizU1ig/rZgQHye5pJC","external":{},"externalSamlId":null,"termsOfUseMostRecentAcceptedDate":1553776407392,"middleName":null,"email":"miah.ashrafuzzaman@fitchsolutions.com","username":"Mia","status":"ENABLED","salesRegion":"AMERS"},"relationships":{"organization":{"links":{"related":"https://auth.fitchconnect-qa.com/v2/users/5ba3d4fae90c9f0001733862/organization","self":"https://auth.fitchconnect-qa.com/v2/users/5ba3d4fae90c9f0001733862/relationships/organization"},"data":{"id":"4nrYkI7VCzAniLey5sRRop","type":"organizations"}},"groups":{"links":{"related":"https://auth.fitchconnect-qa.com/v2/users/5ba3d4fae90c9f0001733862/groups","self":"https://auth.fitchconnect-qa.com/v2/users/5ba3d4fae90c9f0001733862/relationships/groups"}},"effectivePackages":{"links":{"related":"https://auth.fitchconnect-qa.com/v2/users/5ba3d4fae90c9f0001733862/effectivePackages","self":"https://auth.fitchconnect-qa.com/v2/users/5ba3d4fae90c9f0001733862/relationships/effectivePackages"}}},"meta":{"updatedOn":1564589648.565000000,"createdOn":1537463546.000000000,"hasAccess":true,"samlEnabled":true,"isTrialUser":true},"links":{"self":"https://auth.fitchconnect-qa.com/v2/users/5ba3d4fae90c9f0001733862"}},"included":[]}


