15:40:08.666 karate.env system property was: null 
15:40:08.928 request:
1 > POST https://api.fitchconnect-qa.com/v1/oauth/token
1 > Accept-Encoding: gzip,deflate
1 > Connection: Keep-Alive
1 > Content-Length: 86
1 > Content-Type: application/x-www-form-urlencoded; charset=UTF-8
1 > Host: api.fitchconnect-qa.com
1 > User-Agent: Apache-HttpClient/4.5.5 (Java/1.8.0_181)
grant_type=password&password=Connect1&username=miah.ashrafuzzaman%40fitchsolutions.com

15:40:09.365 response time in milliseconds: 433.03
1 < 200
1 < Cache-Control: no-store
1 < Connection: keep-alive
1 < Content-Type: application/json;charset=utf-8
1 < Date: Mon, 22 Jul 2019 19:40:09 GMT
1 < Pragma: no-cache
1 < Server: nginx/1.15.10
1 < Strict-Transport-Security: max-age=31536000 ; includeSubDomains
1 < Transfer-Encoding: chunked
1 < Vary: Accept-Encoding
1 < X-Content-Type-Options: nosniff
1 < X-Frame-Options: DENY
1 < X-XSS-Protection: 1; mode=block
{"access_token":"eyJhbGciOiJIUzI1NiIsInR5cCI6IkpXVCJ9.eyJzdWIiOiJodHRwOi8vaWRlbnRpdHktZGF0YS1zZXJ2aWNlOjgwODAvdjIvdXNlcnMvNWJhM2Q0ZmFlOTBjOWYwMDAxNzMzODYyIiwic2NvcGUiOlsidHJ1c3QiXSwiaXNzIjoiaHR0cHM6Ly9sb2dpbi5maXRjaGNvbm5lY3QtcWEuY29tIiwiZXhwIjoxNTYzODI4MDA5LCJpYXQiOjE1NjM4MjQ0MDksImF1dGhvcml0aWVzIjpbIlJPTEVfVVNFUiJdLCJqdGkiOiI2ODkxNDQzMi03ZWM3LTRjOGEtYWMxOC02MmIwM2YwOGM1NjIiLCJjbGllbnRfaWQiOiJscXI3bzE0NWhmZ2FyNTNsa242b3FlOGRmYSJ9.WWSWW_fMf1gUbk1lYu5FbFyWKAd6VfzecGxNuScEglM","token_type":"bearer","refresh_token":"eyJhbGciOiJIUzI1NiIsInR5cCI6IkpXVCJ9.eyJzdWIiOiJodHRwOi8vaWRlbnRpdHktZGF0YS1zZXJ2aWNlOjgwODAvdjIvdXNlcnMvNWJhM2Q0ZmFlOTBjOWYwMDAxNzMzODYyIiwic2NvcGUiOlsidHJ1c3QiXSwiYXRpIjoiNjg5MTQ0MzItN2VjNy00YzhhLWFjMTgtNjJiMDNmMDhjNTYyIiwiaXNzIjoiaHR0cHM6Ly9sb2dpbi5maXRjaGNvbm5lY3QtcWEuY29tIiwiZXhwIjoxNTY5MDA4NDA5LCJpYXQiOjE1NjM4MjQ0MDksImF1dGhvcml0aWVzIjpbIlJPTEVfVVNFUiJdLCJqdGkiOiI3NDk1OGRiMS02MTM1LTQxOTgtOWQwZS0xNmE4MWY3YmQ5OWYiLCJjbGllbnRfaWQiOiJscXI3bzE0NWhmZ2FyNTNsa242b3FlOGRmYSJ9.J0Gz_ttZMOey4nK6m4z5HgYQiHIoItsdOLun1sq6Kdc","expires_in":3599,"scope":"trust","sub":"http://identity-data-service:8080/v2/users/5ba3d4fae90c9f0001733862","iss":"https://login.fitchconnect-qa.com","iat":1563824409,"jti":"68914432-7ec7-4c8a-ac18-62b03f08c562"}

15:40:09.382 [print] Login token created: eyJhbGciOiJIUzI1NiIsInR5cCI6IkpXVCJ9.eyJzdWIiOiJodHRwOi8vaWRlbnRpdHktZGF0YS1zZXJ2aWNlOjgwODAvdjIvdXNlcnMvNWJhM2Q0ZmFlOTBjOWYwMDAxNzMzODYyIiwic2NvcGUiOlsidHJ1c3QiXSwiYXRpIjoiNjg5MTQ0MzItN2VjNy00YzhhLWFjMTgtNjJiMDNmMDhjNTYyIiwiaXNzIjoiaHR0cHM6Ly9sb2dpbi5maXRjaGNvbm5lY3QtcWEuY29tIiwiZXhwIjoxNTY5MDA4NDA5LCJpYXQiOjE1NjM4MjQ0MDksImF1dGhvcml0aWVzIjpbIlJPTEVfVVNFUiJdLCJqdGkiOiI3NDk1OGRiMS02MTM1LTQxOTgtOWQwZS0xNmE4MWY3YmQ5OWYiLCJjbGllbnRfaWQiOiJscXI3bzE0NWhmZ2FyNTNsa242b3FlOGRmYSJ9.J0Gz_ttZMOey4nK6m4z5HgYQiHIoItsdOLun1sq6Kdc
15:40:09.393 request:
2 > POST https://api.fitchconnect-qa.com/v1/alert/settings
2 > Accept-Encoding: gzip,deflate
2 > Authorization: Bearer eyJhbGciOiJIUzI1NiIsInR5cCI6IkpXVCJ9.eyJzdWIiOiJodHRwOi8vaWRlbnRpdHktZGF0YS1zZXJ2aWNlOjgwODAvdjIvdXNlcnMvNWJhM2Q0ZmFlOTBjOWYwMDAxNzMzODYyIiwic2NvcGUiOlsidHJ1c3QiXSwiYXRpIjoiNjg5MTQ0MzItN2VjNy00YzhhLWFjMTgtNjJiMDNmMDhjNTYyIiwiaXNzIjoiaHR0cHM6Ly9sb2dpbi5maXRjaGNvbm5lY3QtcWEuY29tIiwiZXhwIjoxNTY5MDA4NDA5LCJpYXQiOjE1NjM4MjQ0MDksImF1dGhvcml0aWVzIjpbIlJPTEVfVVNFUiJdLCJqdGkiOiI3NDk1OGRiMS02MTM1LTQxOTgtOWQwZS0xNmE4MWY3YmQ5OWYiLCJjbGllbnRfaWQiOiJscXI3bzE0NWhmZ2FyNTNsa242b3FlOGRmYSJ9.J0Gz_ttZMOey4nK6m4z5HgYQiHIoItsdOLun1sq6Kdc
2 > Connection: Keep-Alive
2 > Content-Length: 1006
2 > Content-Type: application/vnd.api+json; charset=UTF-8
2 > Host: api.fitchconnect-qa.com
2 > User-Agent: Apache-HttpClient/4.5.5 (Java/1.8.0_181)
2 > X-App-Client-Id: 99d151e0-7066-4268-b0dc-076d1ef72815
{"name":"China Search Alert","description":"","type":"DATA","targets":[{"_id":"","type":"QUERY_SCREENER_ENTITY","query":"{\"facets\":{\"ENTITY\":[{\"id\":\"80442243\",\"text\":\"China\",\"children\":[],\"showKeywordIcon\":false,\"isOperator\":false,\"type\":\"ENTITY\"}]},\"operators\":{\"ENTITY\":\"AND\"},\"requestBody\":{\"pageStart\":0,\"pageSize\":100,\"sortField\":\"entityName\",\"sortOrder\":\"asc\",\"slice\":{},\"entity\":{\"keywords\":[],\"marketSectorIds\":[],\"entityIds\":[\"80442243\"],\"geographies\":[],\"rated\":null},\"financial\":null,\"rating\":{\"ratingsDateFilter\":{\"startDate\":\"\",\"endDate\":\"\",\"latest\":true},\"ratings\":[{\"ratingType\":\"fitch-ratings\",\"ratingTypeID\":\"FC_LT_IDR\",\"ratingCodes\":null,\"ratingActions\":null,\"ratingAlerts\":null}]},\"operator\":{\"operators\":[{\"category\":\"entityIds\",\"operator\":\"AND\"}]},\"fir\":null},\"identifiers\":[]}","ratableIds":[]}],"triggers":[{"type":"NEWS","values":["ALL_NEWS"]}],"frequency":{"type":"INSTANT"}}

15:40:09.505 response time in milliseconds: 111.77
2 < 201
2 < Connection: keep-alive
2 < Content-Type: application/vnd.api+json;charset=UTF-8
2 < Date: Mon, 22 Jul 2019 19:40:09 GMT
2 < Server: nginx/1.15.10
2 < Transfer-Encoding: chunked
{"data":{"id":"5d3611194f9f560001edd262","name":"China Search Alert","description":"","type":"DATA","disabled":false,"cloneable":true,"lastTriggered":null,"hasFinancial":false,"created":1563824409510,"updated":null,"updatedBy":null,"oldId":null,"userId":"5ba3d4fae90c9f0001733862","targets":[{"type":"QUERY_SCREENER_ENTITY","id":null,"query":"{\"facets\":{\"ENTITY\":[{\"id\":\"80442243\",\"text\":\"China\",\"children\":[],\"showKeywordIcon\":false,\"isOperator\":false,\"type\":\"ENTITY\"}]},\"operators\":{\"ENTITY\":\"AND\"},\"requestBody\":{\"pageStart\":0,\"pageSize\":100,\"sortField\":\"entityName\",\"sortOrder\":\"asc\",\"slice\":{},\"entity\":{\"keywords\":[],\"marketSectorIds\":[],\"entityIds\":[\"80442243\"],\"geographies\":[],\"rated\":null},\"financial\":null,\"rating\":{\"ratingsDateFilter\":{\"startDate\":\"\",\"endDate\":\"\",\"latest\":true},\"ratings\":[{\"ratingType\":\"fitch-ratings\",\"ratingTypeID\":\"FC_LT_IDR\",\"ratingCodes\":null,\"ratingActions\":null,\"ratingAlerts\":null}]},\"operator\":{\"operators\":[{\"category\":\"entityIds\",\"operator\":\"AND\"}]},\"fir\":null},\"identifiers\":[]}","ratableIds":[]}],"triggers":[{"type":"NEWS","values":["ALL_NEWS"]}],"frequency":{"type":"INSTANT","day":null,"time":null}},"total":null}

